Arguments: 
  C:\Program Files\nodejs\node.exe C:\Users\YG004\AppData\Roaming\npm\node_modules\yarn\bin\yarn.js publish

PATH: 
  C:\Windows\system32;C:\Windows;C:\Windows\System32\Wbem;C:\Windows\System32\WindowsPowerShell\v1.0\;C:\Windows\System32\OpenSSH\;C:\Program Files (x86)\Intel\Intel(R) Management Engine Components\DAL;C:\Program Files\Intel\Intel(R) Management Engine Components\DAL;C:\Program Files\nodejs\;C:\Program Files\PuTTY\;C:\Program Files\Git\cmd;C:\Program Files\OpenVPN\bin;C:\Program Files\MySQL\MySQL Shell 8.0\bin\;C:\Users\YG004\AppData\Local\Programs\Python\Python37\Scripts\;C:\Users\YG004\AppData\Local\Programs\Python\Python37\;C:\Users\YG004\AppData\Local\Microsoft\WindowsApps;C:\Users\YG004\AppData\Roaming\npm

Yarn version: 
  1.17.3

Node version: 
  12.10.0

Platform: 
  win32 x64

Trace: 
  Error: https://registry.npm.taobao.org/-/user/org.couchdb.user:zhyjs: [conflict] User zhyjs already exists
      at Request.params.callback [as _callback] (C:\Users\YG004\AppData\Roaming\npm\node_modules\yarn\lib\cli.js:66830:18)
      at Request.self.callback (C:\Users\YG004\AppData\Roaming\npm\node_modules\yarn\lib\cli.js:140464:22)
      at Request.emit (events.js:209:13)
      at Request.<anonymous> (C:\Users\YG004\AppData\Roaming\npm\node_modules\yarn\lib\cli.js:141436:10)
      at Request.emit (events.js:209:13)
      at IncomingMessage.<anonymous> (C:\Users\YG004\AppData\Roaming\npm\node_modules\yarn\lib\cli.js:141358:12)
      at Object.onceWrapper (events.js:298:28)
      at IncomingMessage.emit (events.js:214:15)
      at endReadableNT (_stream_readable.js:1178:12)
      at processTicksAndRejections (internal/process/task_queues.js:80:21)

npm manifest: 
  {
    "_from": "jigsaw.js@^4.0.1",
    "_id": "jigsaw.js@4.0.1",
    "_inBundle": false,
    "_integrity": "sha512-tnyEX+nkgbHER4GMzKh39DsgPfvVSf4QQs4XHq5Jw5kOHcBgYZ4y+5lssiWOGlL5zVqXYfxu6i13aDq8A98hYw==",
    "_location": "/jigsaw.js",
    "_phantomChildren": {},
    "_requested": {
      "type": "range",
      "registry": true,
      "raw": "jigsaw.js@^4.0.1",
      "name": "jigsaw.js",
      "escapedName": "jigsaw.js",
      "rawSpec": "^4.0.1",
      "saveSpec": null,
      "fetchSpec": "^4.0.1"
    },
    "_requiredBy": [
      "#USER",
      "/"
    ],
    "_resolved": "https://registry.npmjs.org/jigsaw.js/-/jigsaw.js-4.0.1.tgz",
    "_shasum": "f1250e6aef4d5caf308cd75f7d6adc570d228dc2",
    "_spec": "jigsaw.js@^4.0.1",
    "_where": "C:\\Users\\zhymc\\Desktop\\jgtunnel",
    "bugs": {
      "url": "https://github.com/ZhyMC/jigsaw.js/issues"
    },
    "bundleDependencies": false,
    "dependencies": {
      "busboy": "^0.3.1",
      "chalk": "^4.0.0",
      "pick-port": "^1.0.0",
      "q": "^1.5.1",
      "request": "^2.88.2"
    },
    "deprecated": false,
    "description": "Jigsaw的中文是拼图的意思，该项目最早来源于一个思考:",
    "homepage": "https://github.com/ZhyMC/jigsaw.js#readme",
    "keywords": [
      "rpc",
      "call",
      "tunnel"
    ],
    "licenses": [
      {
        "type": "GPLv2",
        "url": "http://www.gnu.org/licenses/old-licenses/gpl-2.0.html"
      }
    ],
    "main": "index.js",
    "name": "jigsaw.js",
    "repository": {
      "type": "git",
      "url": "git+https://github.com/ZhyMC/jigsaw.js.git"
    },
    "version": "4.0.5"
  }

yarn manifest: 
  No manifest

Lockfile: 
  No lockfile
